<?xml version="1.0" encoding="UTF-8"?>
<!-- Generated by org.testng.reporters.JUnitReportReporter -->
<testsuite hostname="BLRMPARMA60641" name="org.web.testcases.Tc_001_Validate_LoginFunctionality" tests="3" failures="0" timestamp="20 Nov 2017 08:52:11 GMT" time="65.871" errors="0">
  <testcase name="tc_login_functionality" time="11.595" classname="org.web.testcases.Tc_001_Validate_LoginFunctionality"/>
  <testcase name="tc_login_functionality" time="12.312" classname="org.web.testcases.Tc_001_Validate_LoginFunctionality"/>
  <testcase name="tc_login_functionality" time="41.964" classname="org.web.testcases.Tc_001_Validate_LoginFunctionality"/>
</testsuite> <!-- org.web.testcases.Tc_001_Validate_LoginFunctionality -->
