<?xml version="1.0" encoding="UTF-8"?>
<!-- Generated by org.testng.reporters.JUnitReportReporter -->
<testsuite hostname="BLRMPARMA60641" name="org.web.testcases.Tc_001_Validate_LoginFunctionality" tests="3" failures="0" timestamp="6 Nov 2017 07:02:30 GMT" time="38.633" errors="0">
  <testcase name="tc_login_functionality" time="12.311" classname="org.web.testcases.Tc_001_Validate_LoginFunctionality"/>
  <testcase name="tc_login_functionality" time="13.073" classname="org.web.testcases.Tc_001_Validate_LoginFunctionality"/>
  <testcase name="tc_login_functionality" time="13.249" classname="org.web.testcases.Tc_001_Validate_LoginFunctionality"/>
</testsuite> <!-- org.web.testcases.Tc_001_Validate_LoginFunctionality -->
