<?xml version="1.0" encoding="UTF-8"?>
<!-- Generated by org.testng.reporters.JUnitReportReporter -->
<testsuite hostname="BLRMPARMA60641" name="org.web.testcases.TC_002_Register_New_User" tests="3" failures="0" timestamp="6 Nov 2017 09:58:20 GMT" time="33.142" errors="0">
  <testcase name="tc_register_new_user" time="12.499" classname="org.web.testcases.TC_002_Register_New_User"/>
  <testcase name="tc_register_new_user" time="9.225" classname="org.web.testcases.TC_002_Register_New_User"/>
  <testcase name="tc_register_new_user" time="11.418" classname="org.web.testcases.TC_002_Register_New_User"/>
</testsuite> <!-- org.web.testcases.TC_002_Register_New_User -->
