<?xml version="1.0" encoding="UTF-8"?>
<!-- Generated by org.testng.reporters.JUnitReportReporter -->
<testsuite hostname="BLRMPARMA60641" name="org.web.testcases.TC_002_Register_New_User" tests="3" failures="0" timestamp="6 Nov 2017 07:00:30 GMT" time="32.450" errors="0">
  <testcase name="tc_register_new_user" time="9.350" classname="org.web.testcases.TC_002_Register_New_User"/>
  <testcase name="tc_register_new_user" time="11.608" classname="org.web.testcases.TC_002_Register_New_User"/>
  <testcase name="tc_register_new_user" time="11.492" classname="org.web.testcases.TC_002_Register_New_User"/>
</testsuite> <!-- org.web.testcases.TC_002_Register_New_User -->
