<?xml version="1.0" encoding="UTF-8"?>
<!-- Generated by org.testng.reporters.JUnitReportReporter -->
<testsuite hostname="BLRMPARMA60641" name="org.web.testcases.Tc_001_Validate_LoginFunctionality" tests="1" failures="0" timestamp="5 Nov 2017 14:07:33 GMT" time="16.211" errors="0">
  <testcase name="tc_login_functionality" time="16.211" classname="org.web.testcases.Tc_001_Validate_LoginFunctionality"/>
</testsuite> <!-- org.web.testcases.Tc_001_Validate_LoginFunctionality -->
