<?xml version="1.0" encoding="UTF-8"?>
<!-- Generated by org.testng.reporters.JUnitReportReporter -->
<testsuite hostname="BLRMPARMA60641" name="org.api.testcases.SolrXGNSTest" tests="1" failures="0" timestamp="4 Apr 2018 09:03:18 GMT" time="6.378" errors="0">
  <testcase name="gettingResponseAsStringTestForXGNs" time="6.378" classname="org.api.testcases.SolrXGNSTest"/>
</testsuite> <!-- org.api.testcases.SolrXGNSTest -->
