<?xml version="1.0" encoding="UTF-8"?>
<!-- Generated by org.testng.reporters.JUnitReportReporter -->
<testsuite hostname="BLRMPARMA60641" name="org.web.testcases.Tc_001_Validate_LoginFunctionality" tests="3" failures="0" timestamp="5 Nov 2017 15:00:55 GMT" time="28.479" errors="0">
  <testcase name="tc_login_functionality" time="9.427" classname="org.web.testcases.Tc_001_Validate_LoginFunctionality"/>
  <testcase name="tc_login_functionality" time="9.080" classname="org.web.testcases.Tc_001_Validate_LoginFunctionality"/>
  <testcase name="tc_login_functionality" time="9.972" classname="org.web.testcases.Tc_001_Validate_LoginFunctionality"/>
</testsuite> <!-- org.web.testcases.Tc_001_Validate_LoginFunctionality -->
